<?xml version="1.0" encoding="UTF-8"?>
<!-- Generated by org.testng.reporters.JUnitReportReporter -->
<testsuite hostname="Gagan" failures="0" tests="1" name="practice.datadriventesting.ReadDataFromTestNGXmlTest" time="0.008" errors="0" timestamp="24 Apr 2024 14:19:00 GMT" skipped="0">
  <testcase classname="practice.datadriventesting.ReadDataFromTestNGXmlTest" name="sampleTest" time="0.008"/>
</testsuite> <!-- practice.datadriventesting.ReadDataFromTestNGXmlTest -->
