<?xml version="1.0" encoding="UTF-8"?>
<!-- Generated by org.testng.reporters.JUnitReportReporter -->
<testsuite hostname="Gagan" failures="0" tests="2" name="com.crm.comcast.contacttest.CreateContactTest" time="0.008" errors="0" timestamp="02 May 2024 06:49:47 GMT" skipped="0">
  <testcase classname="com.crm.comcast.contacttest.CreateContactTest" name="createContactWithDate" time="0.002"/>
  <testcase classname="com.crm.comcast.contacttest.CreateContactTest" name="createContact" time="0.006"/>
</testsuite> <!-- com.crm.comcast.contacttest.CreateContactTest -->
