<?xml version="1.0" encoding="UTF-8"?>
<!-- Generated by org.testng.reporters.JUnitReportReporter -->
<testsuite hostname="Gagan" failures="0" tests="11" name="practice.testNG.OrderTest" time="0.015" errors="0" timestamp="30 Apr 2024 12:10:46 GMT" skipped="1">
  <testcase classname="practice.testNG.OrderTest" name="createOrderTest" time="0.000"/>
  <testcase classname="practice.testNG.OrderTest" name="createOrderTest" time="0.001"/>
  <testcase classname="practice.testNG.OrderTest" name="createOrderTest" time="0.001"/>
  <testcase classname="practice.testNG.OrderTest" name="createOrderTest" time="0.001"/>
  <testcase classname="practice.testNG.OrderTest" name="createOrderTest" time="0.001"/>
  <testcase classname="practice.testNG.OrderTest" name="createOrderTest" time="0.001"/>
  <testcase classname="practice.testNG.OrderTest" name="createOrderTest" time="0.001"/>
  <testcase classname="practice.testNG.OrderTest" name="createOrderTest" time="0.007"/>
  <testcase classname="practice.testNG.OrderTest" name="createOrderTest" time="0.001"/>
  <testcase classname="practice.testNG.OrderTest" name="createOrderTest" time="0.001"/>
  <testcase classname="practice.testNG.OrderTest" name="billingAnOrderTest">
    <skipped/>
  </testcase> <!-- billingAnOrderTest -->
</testsuite> <!-- practice.testNG.OrderTest -->
