<?xml version="1.0" encoding="UTF-8"?>
<!-- Generated by org.testng.reporters.JUnitReportReporter -->
<testsuite hostname="Gagan" failures="0" tests="1" name="practice.datadriventesting.ReadRunTimeMavenParameterTest" time="0.010" errors="0" timestamp="18 Jun 2024 10:11:12 GMT" skipped="0">
  <testcase classname="practice.datadriventesting.ReadRunTimeMavenParameterTest" name="runtimeParameterTest" time="0.010"/>
</testsuite> <!-- practice.datadriventesting.ReadRunTimeMavenParameterTest -->
