<?xml version="1.0" encoding="UTF-8"?>
<!-- Generated by org.testng.reporters.JUnitReportReporter -->
<testsuite hostname="Gagan" failures="0" tests="2" name="dummy.CreateOrgTest" time="0.007" errors="0" timestamp="02 May 2024 09:54:35 GMT" skipped="0">
  <testcase classname="dummy.CreateOrgTest" name="createOrgWithIndustries" time="0.001"/>
  <testcase classname="dummy.CreateOrgTest" name="createOrgTest" time="0.006"/>
</testsuite> <!-- dummy.CreateOrgTest -->
