<?xml version="1.0" encoding="UTF-8"?>
<!-- Generated by org.testng.reporters.JUnitReportReporter -->
<testsuite hostname="Gagan" failures="0" tests="3" name="practice.testNG.SampleReportTest" time="0.015" errors="0" timestamp="09 May 2024 05:57:45 GMT" skipped="0">
  <testcase classname="practice.testNG.SampleReportTest" name="createContactWithOrgTest" time="0.001"/>
  <testcase classname="practice.testNG.SampleReportTest" name="createContactWithPhoneNumberTest" time="0.001"/>
  <testcase classname="practice.testNG.SampleReportTest" name="createContactTest" time="0.013"/>
</testsuite> <!-- practice.testNG.SampleReportTest -->
