<?xml version="1.0" encoding="UTF-8"?>
<!-- Generated by org.testng.reporters.JUnitReportReporter -->
<testsuite hostname="Gagan" failures="0" tests="2" name="practice.hometest.HomePageSampleTest" time="0.014" errors="0" timestamp="06 May 2024 10:42:19 GMT" skipped="0">
  <testcase classname="practice.hometest.HomePageSampleTest" name="verifyLogoHomePageTest" time="0.001"/>
  <testcase classname="practice.hometest.HomePageSampleTest" name="homePageTest" time="0.013"/>
</testsuite> <!-- practice.hometest.HomePageSampleTest -->
