<?xml version="1.0" encoding="UTF-8"?>
<!-- Generated by org.testng.reporters.JUnitReportReporter -->
<testsuite hostname="Gagan" failures="0" tests="1" name="practice.pom.repository.SampleTestWithPom" time="5.992" errors="0" timestamp="27 Apr 2024 05:25:13 GMT" skipped="0">
  <testcase classname="practice.pom.repository.SampleTestWithPom" name="sampleTest" time="5.992"/>
</testsuite> <!-- practice.pom.repository.SampleTestWithPom -->
