<?xml version="1.0" encoding="UTF-8"?>
<!-- Generated by org.testng.reporters.JUnitReportReporter -->
<testsuite hostname="Gagan" failures="0" tests="2" name="practice.testNG.ContactTest" time="0.009" errors="0" timestamp="30 Apr 2024 07:42:09 GMT" skipped="0">
  <testcase classname="practice.testNG.ContactTest" name="createcontactWithMobileNumberTest" time="0.001"/>
  <testcase classname="practice.testNG.ContactTest" name="createContactTest" time="0.008"/>
</testsuite> <!-- practice.testNG.ContactTest -->
