<?xml version="1.0" encoding="UTF-8"?>
<!-- Generated by org.testng.reporters.JUnitReportReporter -->
<testsuite hostname="Gagan" failures="0" tests="2" name="com.crm.comcast.orgtest.CreateOrgTest" time="0.001" errors="0" timestamp="02 May 2024 06:49:47 GMT" skipped="0">
  <testcase classname="com.crm.comcast.orgtest.CreateOrgTest" name="createOrgWithIndustries" time="0.001"/>
  <testcase classname="com.crm.comcast.orgtest.CreateOrgTest" name="createOrgTest" time="0.000"/>
</testsuite> <!-- com.crm.comcast.orgtest.CreateOrgTest -->
