<?xml version="1.0" encoding="UTF-8"?>
<!-- Generated by org.testng.reporters.JUnitReportReporter -->
<testsuite hostname="Gagan" failures="0" tests="3" name="practice.testNG.CreateContactTest" time="0.009" errors="0" timestamp="30 Apr 2024 11:04:54 GMT" skipped="0">
  <testcase classname="practice.testNG.CreateContactTest" name="navigateTocontactTest" time="0.001"/>
  <testcase classname="practice.testNG.CreateContactTest" name="login" time="0.001"/>
  <testcase classname="practice.testNG.CreateContactTest" name="createcontactTest" time="0.007"/>
</testsuite> <!-- practice.testNG.CreateContactTest -->
