<?xml version="1.0" encoding="UTF-8"?>
<!-- Generated by org.testng.reporters.JUnitReportReporter -->
<testsuite hostname="Gagan" failures="0" tests="3" name="practice.testNG.CreateContact_DataProvider_Test" time="0.009" errors="0" timestamp="30 Apr 2024 13:29:58 GMT" skipped="0">
  <testcase classname="practice.testNG.CreateContact_DataProvider_Test" name="createContactTest" time="0.001"/>
  <testcase classname="practice.testNG.CreateContact_DataProvider_Test" name="createContactTest" time="0.001"/>
  <testcase classname="practice.testNG.CreateContact_DataProvider_Test" name="createContactTest" time="0.007"/>
</testsuite> <!-- practice.testNG.CreateContact_DataProvider_Test -->
