<?xml version="1.0" encoding="UTF-8"?>
<!-- Generated by org.testng.reporters.JUnitReportReporter -->
<testsuite hostname="Gagan" failures="0" tests="1" name="practice.testNG.SampleTestForScreenShot" time="5.149" errors="0" timestamp="06 May 2024 12:30:12 GMT" skipped="0">
  <testcase classname="practice.testNG.SampleTestForScreenShot" name="amazonTest" time="5.149"/>
</testsuite> <!-- practice.testNG.SampleTestForScreenShot -->
